I, [2015-05-18T22:35:13.206122 #14073]  INFO -- :   Rendered user_mailer/mail_recapitulatif.html.erb within layouts/mailer (0.9ms)
I, [2015-05-18T22:35:13.210540 #14073]  INFO -- :   Rendered user_mailer/mail_recapitulatif.text.erb within layouts/mailer (0.4ms)
D, [2015-05-18T22:35:13.372405 #14073] DEBUG -- : 
UserMailer#mail_recapitulatif: processed outbound mail in 174.7ms
I, [2015-05-18T22:35:15.847522 #14073]  INFO -- : 
Sent mail to masamune31@hotmail.fr (2474.8ms)
D, [2015-05-18T22:35:15.847681 #14073] DEBUG -- : Date: Mon, 18 May 2015 22:35:13 +0200
From: from@example.com
To: masamune31@hotmail.fr
Message-ID: <555a4d015c016_36f9ad59948975@masamune-HP-ProBook-650-G1.mail>
Subject: [ensiieboncoin]Recapitulatif des annonces
Mime-Version: 1.0
Content-Type: multipart/alternative;
 boundary="--==_mimepart_555a4d015aa3b_36f9ad5994885c";
 charset=UTF-8
Content-Transfer-Encoding: 7bit


----==_mimepart_555a4d015aa3b_36f9ad5994885c
Content-Type: text/plain;
 charset=UTF-8
Content-Transfer-Encoding: 7bit

Bonjour,
Voici les offres de la semaine :
	


----==_mimepart_555a4d015aa3b_36f9ad5994885c
Content-Type: text/html;
 charset=UTF-8
Content-Transfer-Encoding: 7bit

<hmtl>
<body>
<!DOCTYPE html>
<html>
  <head>
    <meta content='text/html; charset=UTF-8' http-equiv='Content-Type' />
  </head>
  <body>
    <p>Bonjour,
       Voici les offres de la semaine :
	
    </p>
  </body>
</html>

</body>
</hmtl>

----==_mimepart_555a4d015aa3b_36f9ad5994885c--

I, [2015-05-18T22:36:02.412495 #14576]  INFO -- :   Rendered user_mailer/mail_recapitulatif.html.erb within layouts/mailer (0.9ms)
I, [2015-05-18T22:36:02.416644 #14576]  INFO -- :   Rendered user_mailer/mail_recapitulatif.text.erb within layouts/mailer (0.5ms)
I, [2015-05-18T22:36:02.488371 #14584]  INFO -- :   Rendered user_mailer/mail_recapitulatif.html.erb within layouts/mailer (1.0ms)
I, [2015-05-18T22:36:02.492369 #14584]  INFO -- :   Rendered user_mailer/mail_recapitulatif.text.erb within layouts/mailer (0.4ms)
D, [2015-05-18T22:36:02.738750 #14576] DEBUG -- : 
UserMailer#mail_recapitulatif: processed outbound mail in 334.9ms
D, [2015-05-18T22:36:02.757851 #14584] DEBUG -- : 
UserMailer#mail_recapitulatif: processed outbound mail in 283.7ms
I, [2015-05-18T22:36:04.896124 #14576]  INFO -- : 
Sent mail to masamune31@hotmail.fr (2157.1ms)
D, [2015-05-18T22:36:04.896287 #14576] DEBUG -- : Date: Mon, 18 May 2015 22:36:02 +0200
From: from@example.com
To: masamune31@hotmail.fr
Message-ID: <555a4d32b5887_38f05e19889459c@masamune-HP-ProBook-650-G1.mail>
Subject: [ensiieboncoin]Recapitulatif des annonces
Mime-Version: 1.0
Content-Type: multipart/alternative;
 boundary="--==_mimepart_555a4d32b40bd_38f05e19889445b";
 charset=UTF-8
Content-Transfer-Encoding: 7bit


----==_mimepart_555a4d32b40bd_38f05e19889445b
Content-Type: text/plain;
 charset=UTF-8
Content-Transfer-Encoding: 7bit

Bonjour,
Voici les offres de la semaine :
	


----==_mimepart_555a4d32b40bd_38f05e19889445b
Content-Type: text/html;
 charset=UTF-8
Content-Transfer-Encoding: 7bit

<hmtl>
<body>
<!DOCTYPE html>
<html>
  <head>
    <meta content='text/html; charset=UTF-8' http-equiv='Content-Type' />
  </head>
  <body>
    <p>Bonjour,
       Voici les offres de la semaine :
	
    </p>
  </body>
</html>

</body>
</hmtl>

----==_mimepart_555a4d32b40bd_38f05e19889445b--

I, [2015-05-18T22:36:05.083180 #14584]  INFO -- : 
Sent mail to masamune31@hotmail.fr (2325.1ms)
D, [2015-05-18T22:36:05.083342 #14584] DEBUG -- : Date: Mon, 18 May 2015 22:36:02 +0200
From: from@example.com
To: masamune31@hotmail.fr
Message-ID: <555a4d32ba355_38f85e1988945d5@masamune-HP-ProBook-650-G1.mail>
Subject: [ensiieboncoin]Recapitulatif des annonces
Mime-Version: 1.0
Content-Type: multipart/alternative;
 boundary="--==_mimepart_555a4d32b8b17_38f85e1988944d0";
 charset=UTF-8
Content-Transfer-Encoding: 7bit


----==_mimepart_555a4d32b8b17_38f85e1988944d0
Content-Type: text/plain;
 charset=UTF-8
Content-Transfer-Encoding: 7bit

Bonjour,
Voici les offres de la semaine :
	


----==_mimepart_555a4d32b8b17_38f85e1988944d0
Content-Type: text/html;
 charset=UTF-8
Content-Transfer-Encoding: 7bit

<hmtl>
<body>
<!DOCTYPE html>
<html>
  <head>
    <meta content='text/html; charset=UTF-8' http-equiv='Content-Type' />
  </head>
  <body>
    <p>Bonjour,
       Voici les offres de la semaine :
	
    </p>
  </body>
</html>

</body>
</hmtl>

----==_mimepart_555a4d32b8b17_38f85e1988944d0--

I, [2015-05-18T22:38:02.324916 #15092]  INFO -- :   Rendered user_mailer/mail_recapitulatif.html.erb within layouts/mailer (0.9ms)
I, [2015-05-18T22:38:02.333052 #15092]  INFO -- :   Rendered user_mailer/mail_recapitulatif.text.erb within layouts/mailer (0.4ms)
I, [2015-05-18T22:38:02.461170 #15096]  INFO -- :   Rendered user_mailer/mail_recapitulatif.html.erb within layouts/mailer (0.9ms)
I, [2015-05-18T22:38:02.484369 #15096]  INFO -- :   Rendered user_mailer/mail_recapitulatif.text.erb within layouts/mailer (0.7ms)
D, [2015-05-18T22:38:02.566352 #15092] DEBUG -- : 
UserMailer#mail_recapitulatif: processed outbound mail in 254.2ms
D, [2015-05-18T22:38:02.744922 #15096] DEBUG -- : 
UserMailer#mail_recapitulatif: processed outbound mail in 308.9ms
I, [2015-05-18T22:38:05.073272 #15096]  INFO -- : 
Sent mail to masamune31@hotmail.fr (2328.1ms)
D, [2015-05-18T22:38:05.073425 #15096] DEBUG -- : Date: Mon, 18 May 2015 22:38:02 +0200
From: from@example.com
To: masamune31@hotmail.fr
Message-ID: <555a4daab6f75_3af85e1988945db@masamune-HP-ProBook-650-G1.mail>
Subject: [ensiieboncoin]Recapitulatif des annonces
Mime-Version: 1.0
Content-Type: multipart/alternative;
 boundary="--==_mimepart_555a4daab58dc_3af85e19889446b";
 charset=UTF-8
Content-Transfer-Encoding: 7bit


----==_mimepart_555a4daab58dc_3af85e19889446b
Content-Type: text/plain;
 charset=UTF-8
Content-Transfer-Encoding: 7bit

Bonjour,
Voici les offres de la semaine :
	


----==_mimepart_555a4daab58dc_3af85e19889446b
Content-Type: text/html;
 charset=UTF-8
Content-Transfer-Encoding: 7bit

<hmtl>
<body>
<!DOCTYPE html>
<html>
  <head>
    <meta content='text/html; charset=UTF-8' http-equiv='Content-Type' />
  </head>
  <body>
    <p>Bonjour,
       Voici les offres de la semaine :
	
    </p>
  </body>
</html>

</body>
</hmtl>

----==_mimepart_555a4daab58dc_3af85e19889446b--

I, [2015-05-18T22:38:05.265593 #15092]  INFO -- : 
Sent mail to masamune31@hotmail.fr (2699.0ms)
D, [2015-05-18T22:38:05.265753 #15092] DEBUG -- : Date: Mon, 18 May 2015 22:38:02 +0200
From: from@example.com
To: masamune31@hotmail.fr
Message-ID: <555a4daa8b887_3af45e1988945c8@masamune-HP-ProBook-650-G1.mail>
Subject: [ensiieboncoin]Recapitulatif des annonces
Mime-Version: 1.0
Content-Type: multipart/alternative;
 boundary="--==_mimepart_555a4daa89fa3_3af45e1988944ae";
 charset=UTF-8
Content-Transfer-Encoding: 7bit


----==_mimepart_555a4daa89fa3_3af45e1988944ae
Content-Type: text/plain;
 charset=UTF-8
Content-Transfer-Encoding: 7bit

Bonjour,
Voici les offres de la semaine :
	


----==_mimepart_555a4daa89fa3_3af45e1988944ae
Content-Type: text/html;
 charset=UTF-8
Content-Transfer-Encoding: 7bit

<hmtl>
<body>
<!DOCTYPE html>
<html>
  <head>
    <meta content='text/html; charset=UTF-8' http-equiv='Content-Type' />
  </head>
  <body>
    <p>Bonjour,
       Voici les offres de la semaine :
	
    </p>
  </body>
</html>

</body>
</hmtl>

----==_mimepart_555a4daa89fa3_3af45e1988944ae--

I, [2015-05-18T22:40:01.766687 #15548]  INFO -- :   Rendered user_mailer/mail_recapitulatif.html.erb within layouts/mailer (1.0ms)
I, [2015-05-18T22:40:01.771882 #15548]  INFO -- :   Rendered user_mailer/mail_recapitulatif.text.erb within layouts/mailer (0.5ms)
D, [2015-05-18T22:40:01.958015 #15548] DEBUG -- : 
UserMailer#mail_recapitulatif: processed outbound mail in 200.7ms
I, [2015-05-18T22:40:04.197135 #15548]  INFO -- : 
Sent mail to masamune31@hotmail.fr (2238.8ms)
D, [2015-05-18T22:40:04.197304 #15548] DEBUG -- : Date: Mon, 18 May 2015 22:40:01 +0200
From: from@example.com
To: masamune31@hotmail.fr
Message-ID: <555a4e21eb28d_3cbc5e198894588@masamune-HP-ProBook-650-G1.mail>
Subject: [ensiieboncoin]Recapitulatif des annonces
Mime-Version: 1.0
Content-Type: multipart/alternative;
 boundary="--==_mimepart_555a4e21e995c_3cbc5e198894468";
 charset=UTF-8
Content-Transfer-Encoding: 7bit


----==_mimepart_555a4e21e995c_3cbc5e198894468
Content-Type: text/plain;
 charset=UTF-8
Content-Transfer-Encoding: 7bit

Bonjour,
Voici les offres de la semaine :
	


----==_mimepart_555a4e21e995c_3cbc5e198894468
Content-Type: text/html;
 charset=UTF-8
Content-Transfer-Encoding: 7bit

<hmtl>
<body>
<!DOCTYPE html>
<html>
  <head>
    <meta content='text/html; charset=UTF-8' http-equiv='Content-Type' />
  </head>
  <body>
    <p>Bonjour,
       Voici les offres de la semaine :
	
    </p>
  </body>
</html>

</body>
</hmtl>

----==_mimepart_555a4e21e995c_3cbc5e198894468--

I, [2015-05-18T22:42:01.911415 #15982]  INFO -- :   Rendered user_mailer/mail_recapitulatif.html.erb within layouts/mailer (0.9ms)
I, [2015-05-18T22:42:01.915867 #15982]  INFO -- :   Rendered user_mailer/mail_recapitulatif.text.erb within layouts/mailer (0.5ms)
D, [2015-05-18T22:42:02.067851 #15982] DEBUG -- : 
UserMailer#mail_recapitulatif: processed outbound mail in 165.8ms
I, [2015-05-18T22:42:04.376112 #15982]  INFO -- : 
Sent mail to masamune31@hotmail.fr (2308.0ms)
D, [2015-05-18T22:42:04.376277 #15982] DEBUG -- : Date: Mon, 18 May 2015 22:42:02 +0200
From: from@example.com
To: masamune31@hotmail.fr
Message-ID: <555a4e9a119ff_3e6e5e198894561@masamune-HP-ProBook-650-G1.mail>
Subject: [ensiieboncoin]Recapitulatif des annonces
Mime-Version: 1.0
Content-Type: multipart/alternative;
 boundary="--==_mimepart_555a4e9a104a5_3e6e5e198894427";
 charset=UTF-8
Content-Transfer-Encoding: 7bit


----==_mimepart_555a4e9a104a5_3e6e5e198894427
Content-Type: text/plain;
 charset=UTF-8
Content-Transfer-Encoding: 7bit

Bonjour,
Voici les offres de la semaine :
	


----==_mimepart_555a4e9a104a5_3e6e5e198894427
Content-Type: text/html;
 charset=UTF-8
Content-Transfer-Encoding: 7bit

<hmtl>
<body>
<!DOCTYPE html>
<html>
  <head>
    <meta content='text/html; charset=UTF-8' http-equiv='Content-Type' />
  </head>
  <body>
    <p>Bonjour,
       Voici les offres de la semaine :
	
    </p>
  </body>
</html>

</body>
</hmtl>

----==_mimepart_555a4e9a104a5_3e6e5e198894427--

I, [2015-05-18T22:44:02.191036 #16381]  INFO -- :   Rendered user_mailer/mail_recapitulatif.html.erb within layouts/mailer (0.8ms)
I, [2015-05-18T22:44:02.194947 #16381]  INFO -- :   Rendered user_mailer/mail_recapitulatif.text.erb within layouts/mailer (0.5ms)
D, [2015-05-18T22:44:02.363158 #16381] DEBUG -- : 
UserMailer#mail_recapitulatif: processed outbound mail in 181.0ms
I, [2015-05-18T22:44:04.794768 #16381]  INFO -- : 
Sent mail to masamune31@hotmail.fr (2431.3ms)
D, [2015-05-18T22:44:04.794916 #16381] DEBUG -- : Date: Mon, 18 May 2015 22:44:02 +0200
From: from@example.com
To: masamune31@hotmail.fr
Message-ID: <555a4f1259be4_3ffd5e19889459e@masamune-HP-ProBook-650-G1.mail>
Subject: [ensiieboncoin]Recapitulatif des annonces
Mime-Version: 1.0
Content-Type: multipart/alternative;
 boundary="--==_mimepart_555a4f1258648_3ffd5e1988944ca";
 charset=UTF-8
Content-Transfer-Encoding: 7bit


----==_mimepart_555a4f1258648_3ffd5e1988944ca
Content-Type: text/plain;
 charset=UTF-8
Content-Transfer-Encoding: 7bit

Bonjour,
Voici les offres de la semaine :
	


----==_mimepart_555a4f1258648_3ffd5e1988944ca
Content-Type: text/html;
 charset=UTF-8
Content-Transfer-Encoding: 7bit

<hmtl>
<body>
<!DOCTYPE html>
<html>
  <head>
    <meta content='text/html; charset=UTF-8' http-equiv='Content-Type' />
  </head>
  <body>
    <p>Bonjour,
       Voici les offres de la semaine :
	
    </p>
  </body>
</html>

</body>
</hmtl>

----==_mimepart_555a4f1258648_3ffd5e1988944ca--

I, [2015-05-18T22:59:34.020402 #16969]  INFO -- :   Rendered user_mailer/mail_recapitulatif.html.erb within layouts/mailer (8.9ms)
D, [2015-05-18T22:59:34.020673 #16969] DEBUG -- : 
UserMailer#mail_recapitulatif: processed outbound mail in 24.2ms
I, [2015-05-18T23:00:02.171202 #17095]  INFO -- :   Rendered user_mailer/mail_recapitulatif.html.erb within layouts/mailer (9.3ms)
D, [2015-05-18T23:00:02.171500 #17095] DEBUG -- : 
UserMailer#mail_recapitulatif: processed outbound mail in 22.3ms
I, [2015-05-18T23:02:01.754839 #17283]  INFO -- :   Rendered user_mailer/mail_recapitulatif.html.erb within layouts/mailer (9.0ms)
D, [2015-05-18T23:02:01.755117 #17283] DEBUG -- : 
UserMailer#mail_recapitulatif: processed outbound mail in 23.7ms
I, [2015-05-18T23:04:02.354465 #17675]  INFO -- :   Rendered user_mailer/mail_recapitulatif.html.erb within layouts/mailer (9.9ms)
D, [2015-05-18T23:04:02.354772 #17675] DEBUG -- : 
UserMailer#mail_recapitulatif: processed outbound mail in 24.1ms
I, [2015-05-18T23:04:02.519884 #17680]  INFO -- :   Rendered user_mailer/mail_recapitulatif.html.erb within layouts/mailer (8.9ms)
D, [2015-05-18T23:04:02.520145 #17680] DEBUG -- : 
UserMailer#mail_recapitulatif: processed outbound mail in 20.6ms
I, [2015-05-18T23:05:03.632126 #17852]  INFO -- :   Rendered user_mailer/mail_recapitulatif.html.erb within layouts/mailer (7.5ms)
D, [2015-05-18T23:05:03.632382 #17852] DEBUG -- : 
UserMailer#mail_recapitulatif: processed outbound mail in 15.6ms
I, [2015-05-18T23:06:01.914427 #18025]  INFO -- :   Rendered user_mailer/mail_recapitulatif.html.erb within layouts/mailer (8.7ms)
D, [2015-05-18T23:06:01.914746 #18025] DEBUG -- : 
UserMailer#mail_recapitulatif: processed outbound mail in 18.4ms
I, [2015-05-18T23:08:02.452847 #18171]  INFO -- :   Rendered user_mailer/mail_recapitulatif.html.erb within layouts/mailer (9.1ms)
D, [2015-05-18T23:08:02.453135 #18171] DEBUG -- : 
UserMailer#mail_recapitulatif: processed outbound mail in 18.3ms
I, [2015-05-18T23:10:02.001452 #18371]  INFO -- :   Rendered user_mailer/mail_recapitulatif.html.erb within layouts/mailer (9.0ms)
D, [2015-05-18T23:10:02.001702 #18371] DEBUG -- : 
UserMailer#mail_recapitulatif: processed outbound mail in 18.7ms
I, [2015-05-18T23:12:01.544843 #18578]  INFO -- :   Rendered user_mailer/mail_recapitulatif.html.erb within layouts/mailer (8.6ms)
D, [2015-05-18T23:12:01.545113 #18578] DEBUG -- : 
UserMailer#mail_recapitulatif: processed outbound mail in 18.3ms
I, [2015-05-18T23:14:02.078177 #18869]  INFO -- :   Rendered user_mailer/mail_recapitulatif.html.erb within layouts/mailer (8.7ms)
D, [2015-05-18T23:14:02.078442 #18869] DEBUG -- : 
UserMailer#mail_recapitulatif: processed outbound mail in 18.7ms
I, [2015-05-18T23:16:01.629004 #19232]  INFO -- :   Rendered user_mailer/mail_recapitulatif.html.erb within layouts/mailer (8.3ms)
D, [2015-05-18T23:16:01.629279 #19232] DEBUG -- : 
UserMailer#mail_recapitulatif: processed outbound mail in 18.6ms
I, [2015-05-18T23:17:07.554616 #19464]  INFO -- :   Rendered user_mailer/mail_recapitulatif.html.erb within layouts/mailer (9.1ms)
D, [2015-05-18T23:17:07.554930 #19464] DEBUG -- : 
UserMailer#mail_recapitulatif: processed outbound mail in 18.9ms
I, [2015-05-18T23:17:58.849269 #19596]  INFO -- :   Rendered user_mailer/mail_recapitulatif.html.erb within layouts/mailer (9.0ms)
D, [2015-05-18T23:17:58.849550 #19596] DEBUG -- : 
UserMailer#mail_recapitulatif: processed outbound mail in 18.0ms
I, [2015-05-18T23:18:02.228732 #19719]  INFO -- :   Rendered user_mailer/mail_recapitulatif.html.erb within layouts/mailer (8.8ms)
D, [2015-05-18T23:18:02.228971 #19719] DEBUG -- : 
UserMailer#mail_recapitulatif: processed outbound mail in 21.8ms
I, [2015-05-18T23:20:01.787164 #20128]  INFO -- :   Rendered user_mailer/mail_recapitulatif.html.erb within layouts/mailer (7.9ms)
D, [2015-05-18T23:20:01.787430 #20128] DEBUG -- : 
UserMailer#mail_recapitulatif: processed outbound mail in 19.3ms
